f:\myusbip\myusbip\x64\debug\vc140.pdb
f:\myusbip\myusbip\x64\debug\wmi.obj
f:\myusbip\myusbip\x64\debug\power.obj
f:\myusbip\myusbip\x64\debug\pnp.obj
f:\myusbip\myusbip\x64\debug\code2name.obj
f:\myusbip\myusbip\x64\debug\buspdo.obj
f:\myusbip\myusbip\x64\debug\busenum.obj
f:\myusbip\x64\debug\myusbip\myusbip.cat
f:\myusbip\x64\debug\myusbip_x64.sys
f:\myusbip\x64\debug\myusbip_x64.pdb
f:\myusbip\myusbip\x64\debug\myusbip.inf
f:\myusbip\x64\debug\myusbip_x64.cer
f:\myusbip\myusbip\x64\debug\myusbip.tlog\cl.command.1.tlog
f:\myusbip\myusbip\x64\debug\myusbip.tlog\cl.read.1.tlog
f:\myusbip\myusbip\x64\debug\myusbip.tlog\cl.write.1.tlog
f:\myusbip\myusbip\x64\debug\myusbip.tlog\inf2cat-expand.2200.read.1.tlog
f:\myusbip\myusbip\x64\debug\myusbip.tlog\inf2cat-expand.2200.write.1.tlog
f:\myusbip\myusbip\x64\debug\myusbip.tlog\inf2cat-expand.read.1.tlog
f:\myusbip\myusbip\x64\debug\myusbip.tlog\inf2cat-expand.write.1.tlog
f:\myusbip\myusbip\x64\debug\myusbip.tlog\inf2cat.command.1.tlog
f:\myusbip\myusbip\x64\debug\myusbip.tlog\inf2cat.read.1.tlog
f:\myusbip\myusbip\x64\debug\myusbip.tlog\inf2cat.write.1.tlog
f:\myusbip\myusbip\x64\debug\myusbip.tlog\link.command.1.tlog
f:\myusbip\myusbip\x64\debug\myusbip.tlog\link.read.1.tlog
f:\myusbip\myusbip\x64\debug\myusbip.tlog\link.write.1.tlog
f:\myusbip\myusbip\x64\debug\myusbip.tlog\signtool.command.1.tlog
f:\myusbip\myusbip\x64\debug\myusbip.tlog\signtool.read.1.tlog
f:\myusbip\myusbip\x64\debug\myusbip.tlog\signtool.timestamp.1.tlog
f:\myusbip\myusbip\x64\debug\myusbip.tlog\signtool.write.1.tlog
f:\myusbip\myusbip\x64\debug\myusbip.tlog\stampinf.command.1.tlog
f:\myusbip\myusbip\x64\debug\myusbip.tlog\stampinf.read.1.tlog
f:\myusbip\myusbip\x64\debug\myusbip.tlog\stampinf.write.1.tlog
