f:\myusbip\myusbip\debug\vc140.pdb
f:\myusbip\myusbip\debug\wmi.obj
f:\myusbip\myusbip\debug\power.obj
f:\myusbip\myusbip\debug\pnp.obj
f:\myusbip\myusbip\debug\code2name.obj
f:\myusbip\myusbip\debug\buspdo.obj
f:\myusbip\myusbip\debug\busenum.obj
f:\myusbip\debug\myusbip_x86.sys
f:\myusbip\debug\myusbip_x86.pdb
f:\myusbip\myusbip\debug\myusbip.inf
f:\myusbip\debug\myusbip_x86.cer
f:\myusbip\myusbip\debug\myusbip.tlog\cl.command.1.tlog
f:\myusbip\myusbip\debug\myusbip.tlog\cl.read.1.tlog
f:\myusbip\myusbip\debug\myusbip.tlog\cl.write.1.tlog
f:\myusbip\myusbip\debug\myusbip.tlog\inf2cat-expand.13952.read.1.tlog
f:\myusbip\myusbip\debug\myusbip.tlog\inf2cat-expand.13952.write.1.tlog
f:\myusbip\myusbip\debug\myusbip.tlog\inf2cat-expand.read.1.tlog
f:\myusbip\myusbip\debug\myusbip.tlog\inf2cat-expand.write.1.tlog
f:\myusbip\myusbip\debug\myusbip.tlog\inf2cat.command.1.tlog
f:\myusbip\myusbip\debug\myusbip.tlog\inf2cat.read.1.tlog
f:\myusbip\myusbip\debug\myusbip.tlog\inf2cat.write.1.tlog
f:\myusbip\myusbip\debug\myusbip.tlog\link.command.1.tlog
f:\myusbip\myusbip\debug\myusbip.tlog\link.read.1.tlog
f:\myusbip\myusbip\debug\myusbip.tlog\link.write.1.tlog
f:\myusbip\myusbip\debug\myusbip.tlog\signtool.command.1.tlog
f:\myusbip\myusbip\debug\myusbip.tlog\signtool.read.1.tlog
f:\myusbip\myusbip\debug\myusbip.tlog\signtool.timestamp.1.tlog
f:\myusbip\myusbip\debug\myusbip.tlog\signtool.write.1.tlog
f:\myusbip\myusbip\debug\myusbip.tlog\stampinf.command.1.tlog
f:\myusbip\myusbip\debug\myusbip.tlog\stampinf.read.1.tlog
f:\myusbip\myusbip\debug\myusbip.tlog\stampinf.write.1.tlog
